
     Program epsilon v.6.0 (svn rev. 13079) starts on 16Dec2016 at 18:49:13 

     This program is part of the open-source Quantum ESPRESSO suite
     for quantum simulation of materials; please cite
         "P. Giannozzi et al., J. Phys.:Condens. Matter 21 395502 (2009);
          URL http://www.quantum-espresso.org", 
     in publications or presentations arising from this work. More details at
     http://www.quantum-espresso.org/quote

     Parallel version (MPI), running on     2 processors
     R & G space division:  proc/nbgrp/npool/nimage =       2


     Reading input file...
     Broadcasting variables...
     Reading PW restart file...

     Reading data from directory:
     ./out/Benzene.save

   Info: using nr1, nr2, nr3 values from input

   Info: using nr1, nr2, nr3 values from input

     IMPORTANT: XC functional enforced from input :
     Exchange-correlation      =  SLA  PZ   NOGX NOGC ( 1  1  0  0 0 0)
     Any further DFT definition will be discarded
     Please, verify this is what you really want

               file H.pz-vbc.UPF: wavefunction(s)  1S renormalized
 
     Parallelization info
     --------------------
     sticks:   dense  smooth     PW     G-vecs:    dense   smooth      PW
     Min        6525    6525   1631               464871   464871   58062
     Max        6528    6528   1634               464872   464872   58063
     Sum       13053   13053   3265               929743   929743  116125
 


     Fermi energy [eV] is: -6.35840
     The system is a dielectric...
     metalling system: redefining wmin =     0.000000

     Performing eps calculation...

     xx,yy,zz plasmon frequences [eV] are:     0.628170746    0.620019919    0.909330747

     Writing output on file...


     eps          :      0.03s CPU      0.03s WALL (       1 calls)
     dipole_calc  :      0.01s CPU      0.01s WALL (       1 calls)
 
 
     epsilon      :     0.77s CPU         1.08s WALL

 
   This run was terminated on:  18:49:14  16Dec2016            

=------------------------------------------------------------------------------=
   JOB DONE.
=------------------------------------------------------------------------------=
