      ========================================================================
      *** PWTK-0.99.7rc1    (PWscf ToolKit: a Tcl scripting environment)
      ========================================================================

      Running on host: assam
      PWTK: /home/matic/src/pwtk-0.99.7rc1
      Date: Tue 13 Aug 2019 05:45:31 PM CEST      (PID: 15425)

      Executable: /home/matic/src/qe-6.4.1/q-e-qe-6.4.1/bin/pw.x
      Running locally: mpirun -np 2 pw.x -in scf.Si.ecutwfc-12.in > scf.Si.ecutwfc-12.out

      Executable: /home/matic/src/qe-6.4.1/q-e-qe-6.4.1/bin/pw.x
      Running locally: mpirun -np 2 pw.x -in scf.Si.ecutwfc-16.in > scf.Si.ecutwfc-16.out

      Executable: /home/matic/src/qe-6.4.1/q-e-qe-6.4.1/bin/pw.x
      Running locally: mpirun -np 2 pw.x -in scf.Si.ecutwfc-20.in > scf.Si.ecutwfc-20.out

      Executable: /home/matic/src/qe-6.4.1/q-e-qe-6.4.1/bin/pw.x
      Running locally: mpirun -np 2 pw.x -in scf.Si.ecutwfc-24.in > scf.Si.ecutwfc-24.out

      Executable: /home/matic/src/qe-6.4.1/q-e-qe-6.4.1/bin/pw.x
      Running locally: mpirun -np 2 pw.x -in scf.Si.ecutwfc-28.in > scf.Si.ecutwfc-28.out

      Executable: /home/matic/src/qe-6.4.1/q-e-qe-6.4.1/bin/pw.x
      Running locally: mpirun -np 2 pw.x -in scf.Si.ecutwfc-32.in > scf.Si.ecutwfc-32.out


      Job done.
      --
