 Warning: Only a single CPU will be used!

     Program TDDFPT_PP v.6.0 (svn rev. 13079) starts on 20Dec2016 at 14:18:38 

     This program is part of the open-source Quantum ESPRESSO suite
     for quantum simulation of materials; please cite
         "P. Giannozzi et al., J. Phys.:Condens. Matter 21 395502 (2009);
          URL http://www.quantum-espresso.org", 
     in publications or presentations arising from this work. More details at
     http://www.quantum-espresso.org/quote

     Parallel version (MPI), running on     1 processors

     Reading   1100 Lanczos steps for direction 1
       1100 steps will be considered


     Polarization direction:1
     Lanczos coefficients:
     Average =    20.75660934
     Average oscillation amplitude =     0.25987196

     Data ready, starting to calculate observables...

     Broadening =      0.00400000 Ry

     Output file name: Benzene.plot_chi.dat

     chi_i_j: dipole polarizability tensor  in units of e^2*a_0^2/energy

     Insufficent info for S

     Functions are reported in \hbar.\omega  Energy unit is (Ry)
 
     TDDFPT_PP    :     1.46s CPU         1.46s WALL

 
   This run was terminated on:  14:18:40  20Dec2016            

=------------------------------------------------------------------------------=
   JOB DONE.
=------------------------------------------------------------------------------=
