
     Program turboTDDFT v.6.0 (svn rev. 13079) starts on 19Dec2016 at 19:56:58 

     This program is part of the open-source Quantum ESPRESSO suite
     for quantum simulation of materials; please cite
         "P. Giannozzi et al., J. Phys.:Condens. Matter 21 395502 (2009);
          URL http://www.quantum-espresso.org", 
     in publications or presentations arising from this work. More details at
     http://www.quantum-espresso.org/quote

     Parallel version (MPI), running on     4 processors
     R & G space division:  proc/nbgrp/npool/nimage =       4

     Reading data from directory:
     ./out/Benzene.save

   Info: using nr1, nr2, nr3 values from input

   Info: using nr1, nr2, nr3 values from input

     IMPORTANT: XC functional enforced from input :
     Exchange-correlation      =  SLA  PZ   NOGX NOGC ( 1  1  0  0 0 0)
     Any further DFT definition will be discarded
     Please, verify this is what you really want

               file H.pz-vbc.UPF: wavefunction(s)  1S renormalized
 
     Parallelization info
     --------------------
     sticks:   dense  smooth     PW     G-vecs:    dense   smooth      PW
     Min        3261    3261    815               232435   232435   29030
     Max        3264    3264    818               232436   232436   29032
     Sum       13053   13053   3265               929743   929743  116125
 

     Subspace diagonalization in iterative solution of the eigenvalue problem:
     a serial algorithm will be used

     Allocating     5 extra bands for projection

     =-----------------------------------------------------------------=

     Please cite the TDDFPT project as:
       X. Ge, S. J. Binnie, D. Rocca, R. Gebauer, and S. Baroni,
       Comput. Phys. Commun. 185, 2080 (2014)
     in publications and presentations arising from this work.

     =-----------------------------------------------------------------=

     Virt read

     Gamma point algorithm


     Calculating the KS spectrum ...

              1        15         1           0.375905979297
              2        15         2           0.375997976987
              3        14         1           0.376012651864
              4        14         2           0.376104649554
              5        15         3           0.437263509797
              6        14         3           0.437370182364
              7        15         4           0.480417063497
              8        14         4           0.480523736065
              9        15         5           0.489478693402
             10        14         5           0.489585365970
             11        13         1           0.505752684536
             12        12         1           0.505783562301
             13        13         2           0.505844682226
             14        12         2           0.505875559991
             15        13         3           0.567110215036
             16        12         3           0.567141092801
             17        11         1           0.578115011667
             18        11         2           0.578207009357
             19        13         4           0.610263768737
             20        12         4           0.610294646502
             21        13         5           0.619325398642
             22        12         5           0.619356276407
             23        11         3           0.639472542167
             24        10         1           0.653508920527
             25        10         2           0.653600918217
             26         9         1           0.653697920162
             27         9         2           0.653789917852
             28        11         4           0.682626095868
             29        11         5           0.691687725773
             30         8         1           0.711810683460
             31         8         2           0.711902681150
             32        10         3           0.714866451027
             33         9         3           0.715055450662
             34         7         1           0.718379817677
             35         7         2           0.718471815367
             36        10         4           0.758020004728
             37         9         4           0.758209004363
             38        10         5           0.767081634633
             39         9         5           0.767270634268
             40         8         3           0.773168213960
             41         7         3           0.779737348177
             42         8         4           0.816321767661
             43         7         4           0.822890901878
             44         8         5           0.825383397566
             45         7         5           0.831952531783
             46         6         1           0.853286921249
             47         6         2           0.853378918939
             48         6         3           0.914644451749
             49         6         4           0.957798005450
             50         6         5           0.966859635355
     Finished calculating the cv couples.


     K-S Oscillator strengths
     occ con        R-x              R-y              R-z
       6   1    -0.12864806E-05   -0.43408034E-07   -0.90931869E-04
       6   2    -0.56774026E-05    0.24522995E-05    0.10898892E-04
       6   3    -0.45614370E-05    0.26293962E-04   -0.52324939E-07
       6   4     0.74638416E-01    0.19464059E+00    0.64283934E-04
       6   5     0.21338519E-02   -0.84538642E-03    0.25781724E-04
       7   1    -0.91732822E-07   -0.10461372E-05   -0.49702146E-04
       7   2     0.89392406E-06    0.12301036E-05    0.34054485E-04
       7   3     0.53900250E-04    0.19361520E-03   -0.98095492E-06
       7   4     0.20564406E-04    0.34253265E-05   -0.72873247E-06
       7   5     0.21665177E-04    0.13262557E-02   -0.23482057E-05
       8   1     0.39410704E-05    0.20849951E-05    0.31176489E-05
       8   2    -0.40739030E-05   -0.70666262E-06    0.43554375E-04
       8   3    -0.71432091E-03   -0.78843821E-04    0.17047545E-06
       8   4    -0.36096030E-03    0.18275940E-03    0.29697976E-07
       8   5    -0.10238824E-02   -0.19645130E-04   -0.52875293E-08
       9   1    -0.28646244E-05    0.19874332E-05    0.35994453E-06
       9   2     0.38748474E-05   -0.65646478E-06   -0.49586278E-05
       9   3     0.58370758E+00   -0.51705192E-01   -0.65319593E-06
       9   4     0.47568119E-03    0.22405499E-03   -0.47940752E-05
       9   5     0.31392100E+00   -0.27738490E-01    0.96246584E-06
      10   1    -0.22480985E-05   -0.36396264E-05   -0.77613519E-05
      10   2    -0.59695486E-07    0.28811174E-05   -0.15745922E-04
      10   3    -0.51665599E-01   -0.58368406E+00    0.11039587E-05
      10   4    -0.21846825E-03    0.28637530E-03    0.11882178E-05
      10   5    -0.27818647E-01   -0.31342803E+00   -0.26349567E-06
      11   1     0.23808450E-04    0.34929022E-04   -0.49650484E-05
      11   2     0.36604225E-04    0.73104589E-05    0.35337018E-05
      11   3    -0.25754236E-07    0.72082094E-06   -0.33217473E+00
      11   4     0.18258506E-05    0.88113017E-06    0.18449518E-04
      11   5    -0.52199900E-06    0.79446494E-07   -0.16066986E+00
      12   1    -0.95516531E-06   -0.64912560E-06    0.11197269E+00
      12   2    -0.48011262E-05   -0.75245070E-06    0.24123239E-01
      12   3    -0.35546159E-05   -0.17163012E-03   -0.73399117E-06
      12   4     0.44633582E-01   -0.22562270E+00    0.57162005E-06
      12   5     0.25590460E-02    0.44669466E-03   -0.26013230E-06
      13   1     0.38429372E-06   -0.29346621E-06    0.24118670E-01
      13   2     0.19705366E-05   -0.52317130E-05   -0.11194993E+00
      13   3     0.53620463E-04    0.43998234E-04   -0.97774484E-07
      13   4     0.24390920E+00    0.50523825E-01    0.22725094E-06
      13   5    -0.56267426E-03    0.26652834E-02   -0.13075692E-06
      14   1     0.14629524E+01    0.18209380E+00   -0.15548720E-05
      14   2     0.18218742E+00   -0.14626581E+01   -0.96390855E-05
      14   3    -0.26252958E-06    0.16827694E-07    0.80702905E-05
      14   4     0.82177295E-04   -0.64468870E-05    0.78171362E-01
      14   5     0.33429370E-04   -0.24658675E-05    0.27996382E-02
      15   1     0.18214303E+00   -0.14628164E+01    0.47525827E-06
      15   2    -0.14628648E+01   -0.18206946E+00    0.16808902E-05
      15   3     0.39399579E-07    0.58928102E-06    0.78625424E-05
      15   4     0.66976695E-05    0.83163889E-04    0.26381151E+00
      15   5     0.27429163E-05    0.33558933E-04   -0.88210961E-03
     The peaks of KS spectrum and their strength are:
#     occ     virt     Energy(Ry)          total             X             Y             Z
   15    1    0.37591E+00    0.46113E+00    0.70402E-02    0.45409E+00    0.47931E-13
   15    2    0.37600E+00    0.46115E+00    0.45412E+00    0.70345E-02    0.59957E-12
   14    1    0.37601E+00    0.46121E+00    0.45417E+00    0.70364E-02    0.51304E-12
   14    2    0.37610E+00    0.46103E+00    0.70436E-02    0.45399E+00    0.19717E-10
   15    3    0.43726E+00    0.13193E-10    0.32941E-15    0.73689E-13    0.13119E-10
   14    3    0.43737E+00    0.13836E-10    0.14626E-13    0.60091E-16    0.13821E-10
   15    4    0.48042E+00    0.14769E-01    0.95193E-11    0.14677E-08    0.14769E-01
   14    4    0.48052E+00    0.12967E-02    0.14331E-08    0.88198E-11    0.12967E-02
   15    5    0.48948E+00    0.16536E-06    0.15966E-11    0.23899E-09    0.16512E-06
   14    5    0.48959E+00    0.16635E-05    0.23715E-09    0.12903E-11    0.16633E-05
   13    1    0.50575E+00    0.12344E-03    0.31339E-13    0.18276E-13    0.12344E-03
   12    1    0.50578E+00    0.26606E-02    0.19360E-12    0.89416E-13    0.26606E-02
   13    2    0.50584E+00    0.26595E-02    0.82400E-12    0.58083E-11    0.26595E-02
   12    2    0.50588E+00    0.12349E-03    0.48915E-11    0.12015E-12    0.12349E-03
   13    3    0.56711E+00    0.10209E-08    0.61013E-09    0.41080E-09    0.20287E-14
   12    3    0.56714E+00    0.62537E-08    0.26813E-11    0.62509E-08    0.11432E-12
   11    1    0.57812E+00    0.38442E-09    0.12029E-09    0.25890E-09    0.52313E-11
   11    2    0.57821E+00    0.29832E-09    0.28433E-09    0.11341E-10    0.26498E-11
   13    4    0.61026E+00    0.13166E-01    0.12625E-01    0.54169E-03    0.10959E-13
   12    4    0.61029E+00    0.11225E-01    0.42275E-03    0.10803E-01    0.69338E-13
   13    5    0.61933E+00    0.15746E-05    0.67185E-07    0.15075E-05    0.36282E-14
   12    5    0.61936E+00    0.14320E-05    0.13897E-05    0.42343E-07    0.14360E-13
   11    3    0.63947E+00    0.23415E-01    0.14075E-15    0.11026E-12    0.23415E-01
   10    1    0.65351E+00    0.16667E-10    0.10725E-11    0.28111E-11    0.12783E-10
   10    2    0.65360E+00    0.54375E-10    0.75621E-15    0.17615E-11    0.52613E-10
    9    1    0.65370E+00    0.26071E-11    0.17414E-11    0.83819E-12    0.27493E-13
    9    2    0.65379E+00    0.84953E-11    0.31862E-11    0.91450E-13    0.52177E-11
   11    4    0.68263E+00    0.73104E-10    0.70744E-12    0.16476E-12    0.72232E-10
   11    5    0.69169E+00    0.54781E-02    0.57823E-13    0.13394E-14    0.54781E-02
    8    1    0.71181E+00    0.62811E-11    0.32960E-11    0.92251E-12    0.20626E-11
    8    2    0.71190E+00    0.40618E-09    0.35219E-11    0.10597E-12    0.40255E-09
   10    3    0.71487E+00    0.72862E-01    0.56645E-03    0.72296E-01    0.25862E-12
    9    3    0.71506E+00    0.72869E-01    0.72302E-01    0.56732E-03    0.90541E-13
    7    1    0.71838E+00    0.52445E-09    0.17857E-14    0.23224E-12    0.52421E-09
    7    2    0.71847E+00    0.24659E-09    0.16957E-12    0.32110E-12    0.24610E-09
   10    4    0.75802E+00    0.27532E-07    0.10128E-07    0.17403E-07    0.29961E-12
    9    4    0.75821E+00    0.58674E-07    0.48017E-07    0.10653E-07    0.48772E-11
   10    5    0.76708E+00    0.21011E-01    0.16422E-03    0.20847E-01    0.14733E-13
    9    5    0.76727E+00    0.21075E-01    0.20912E-01    0.16328E-03    0.19658E-12
    8    3    0.77317E+00    0.10960E-06    0.10828E-06    0.13192E-08    0.61671E-14
    7    3    0.77974E+00    0.85717E-08    0.61651E-09    0.79550E-08    0.20420E-12
    8    4    0.81632E+00    0.34737E-07    0.27649E-07    0.70879E-08    0.18716E-15
    7    4    0.82289E+00    0.92344E-10    0.89741E-10    0.24898E-11    0.11269E-12
    8    5    0.82538E+00    0.22255E-06    0.22246E-06    0.81897E-10    0.59329E-17
    7    5    0.83195E+00    0.37336E-06    0.99606E-10    0.37326E-06    0.11701E-11
    6    1    0.85329E+00    0.17550E-08    0.35121E-12    0.39985E-15    0.17547E-08
    6    2    0.85338E+00    0.33323E-10    0.68400E-11    0.12762E-11    0.25207E-10
    6    3    0.91464E+00    0.15113E-09    0.44153E-11    0.14671E-09    0.58100E-15
    6    4    0.95780E+00    0.92216E-02    0.11822E-02    0.80394E-02    0.87693E-09
    6    5    0.96686E+00    0.11180E-05    0.96625E-06    0.15166E-06    0.14105E-09
     Finished KS spectrum calculation...
 
     lr_dav_main  :      8.30s CPU      8.92s WALL (       1 calls)
     read_wf      :      0.13s CPU      0.15s WALL (       1 calls)
     lr_solve_e   :      7.54s CPU      7.79s WALL (       1 calls)
 
 
     h_psi        :      6.87s CPU      7.10s WALL (      50 calls)
     lr_dvpsi_e   :      7.54s CPU      7.78s WALL (       3 calls)
     ortho        :      0.02s CPU      0.02s WALL (       6 calls)
 
 
     US routines
 
     General routines
     calbec       :      0.08s CPU      0.08s WALL (     106 calls)
     fft          :      0.05s CPU      0.05s WALL (       3 calls)
     fftw         :      5.88s CPU      6.09s WALL (     662 calls)
     davcio       :      0.00s CPU      0.01s WALL (       4 calls)
 
     Parallel routines
     fft_scatter  :      1.02s CPU      1.12s WALL (     665 calls)
 
 
     turboTDDFT   :     8.30s CPU         8.92s WALL

 
   This run was terminated on:  19:57: 7  19Dec2016            

=------------------------------------------------------------------------------=
   JOB DONE.
=------------------------------------------------------------------------------=
